Export time: 2022/05/09 12:38:09 CDT
Export duration: 36.711s

Export settings:
	Export Geometry: Models with Shape Fallback
	Output Path: /Users/tom5137/Desktop/CE_output
	Simplify Terrain Meshes: true
	Terrain Layers: Export all selected terrain layers
	applicationName: CityEngine
	applicationString: CityEngine 2020.1.6821 0928R
	applicationVendor: Esri R&D Center Zurich Inc.
	applicationVersion: 2020.1.6821 09281818
	atlasAddWrapBorder: true
	author: tom5137
	baseName: my_city
	collectTextures: true
	createShapeGroups: false
	createTextureAtlases: false
	embedTextures: false
	encoderID: com.esri.prt.codecs.FBXEncoder
	encoderName: Autodesk FBX
	errorFallback: true
	existingFiles: OVERWRITE
	facesWithHoles: TRIANGULATE_FACES_WITH_HOLES
	fileGranularity: MEMORY_BUDGET
	fileType: BINARY
	globalOffset: [ 0.0, 0.0, 0.0 ]
	includeMaterials: true
	localOffset: NONE
	maxAtlasDim: 11
	memoryBudget: 500
	mergeNormals: true
	mergeTexcoords: true
	mergeVertices: true
	meshGranularity: INSTANCED
	normalPrecision: 0.001
	normalsIndexing: SEPARATED
	outputPath: 
	sceneFile: /my_city4/scenes/my_city.cej
	script: 
	shapeNameDelimiter: _
	tempPath: 
	texcoordPrecision: 1.0E-4
	textureCoordinates: ALL
	triangulateMeshes: false
	vertexNormals: SET_MISSING
	vertexPrecision: 0.001
	writeLog: true

Initial shapes:
	 0 :   OK                'Shape'             OID 'ff1b86d9-1f0a-11b7-89f9-00de48001122:0'
	 1 :   OK                'Shape'             OID 'ff1b86d9-1f0a-11b7-89f9-00de48001122:1'
	 2 :   OK                'Shape'             OID 'ff1b86d9-1f0a-11b7-89f9-00de48001122:2'
	 3 :   OK                'Shape'             OID 'ff21d8e0-1f0a-11b7-89f9-00de48001122:0'
	 4 :   OK                'Shape'             OID 'ff21d8e0-1f0a-11b7-89f9-00de48001122:1'
	 5 :   OK                'Shape'             OID 'ff21d8e0-1f0a-11b7-89f9-00de48001122:2'
	 6 :   OK                'Shape'             OID 'ff220a8d-1f0a-11b7-89f9-00de48001122:0'
	 7 :   OK                'Shape'             OID 'ff220a8d-1f0a-11b7-89f9-00de48001122:1'
	 8 :   OK                'Shape'             OID 'ff220a8d-1f0a-11b7-89f9-00de48001122:2'
	 9 :   OK                'Shape'             OID '0087f917-1f0b-11b7-89f9-00de48001122:0'
	10 :   OK                'Shape'             OID '0087f917-1f0b-11b7-89f9-00de48001122:1'
	11 :   OK                'Shape'             OID '0087f917-1f0b-11b7-89f9-00de48001122:2'
	12 :   OK                'Shape'             OID '008b682c-1f0b-11b7-89f9-00de48001122:0'
	13 :   OK                'Shape'             OID '008b682c-1f0b-11b7-89f9-00de48001122:1'
	14 :   OK                'Shape'             OID '008b682c-1f0b-11b7-89f9-00de48001122:2'
	15 :   OK                'Shape'             OID '0091989a-1f0b-11b7-89f9-00de48001122:0'
	16 :   OK                'Shape'             OID '0091989a-1f0b-11b7-89f9-00de48001122:1'
	17 :   OK                'Shape'             OID '0091989a-1f0b-11b7-89f9-00de48001122:2'
	18 :   OK                'Shape'             OID '0091d076-1f0b-11b7-89f9-00de48001122:0'
	19 :   OK                'Shape'             OID '0091d076-1f0b-11b7-89f9-00de48001122:1'
	20 :   OK                'Shape'             OID '0091d076-1f0b-11b7-89f9-00de48001122:2'
	21 :   OK                'Shape'             OID '009590c5-1f0b-11b7-89f9-00de48001122:0'
	22 :   OK                'Shape'             OID '009590c5-1f0b-11b7-89f9-00de48001122:1'
	23 :   OK                'Shape'             OID '009590c5-1f0b-11b7-89f9-00de48001122:2'
	24 :   OK                'Shape'             OID '275d56c0-1f0b-11b7-89f9-00de48001122:c'
	25 :   OK                'Shape'             OID '275d56c0-1f0b-11b7-89f9-00de48001122:d'
	26 :   OK                'Shape'             OID '275d56c0-1f0b-11b7-89f9-00de48001122:e'
	27 :   OK                'Shape'             OID '275d56c0-1f0b-11b7-89f9-00de48001122:f'
	28 :   OK                'Shape'             OID '275d56c0-1f0b-11b7-89f9-00de48001122:18'
	29 :   OK                'Shape'             OID '275d56c0-1f0b-11b7-89f9-00de48001122:2a'
	30 :   OK                'Shape'             OID '275d56c0-1f0b-11b7-89f9-00de48001122:2b'
	31 :   OK                'Shape'             OID '275d56c0-1f0b-11b7-89f9-00de48001122:2c'
	32 :   OK                'Shape'             OID '275d56c0-1f0b-11b7-89f9-00de48001122:2f'
	33 :   OK                'Shape'             OID '275d56c0-1f0b-11b7-89f9-00de48001122:30'
	34 :   OK                'Shape'             OID '275d56c0-1f0b-11b7-89f9-00de48001122:31'
	35 :   OK                'Shape'             OID '275d56c0-1f0b-11b7-89f9-00de48001122:34'
	36 :   OK                'Shape'             OID '275d56c0-1f0b-11b7-89f9-00de48001122:35'
	37 :   OK                'Shape'             OID '275d56c0-1f0b-11b7-89f9-00de48001122:37'
	38 :   OK                'Shape'             OID '275d56c0-1f0b-11b7-89f9-00de48001122:38'
	39 :   OK                'Shape'             OID '275d56c0-1f0b-11b7-89f9-00de48001122:39'

Assets with errors/warnings/infos:
	<initial shape geometry>:
		Warning: Geometry ' (mesh: Shape)' contained: 1 0-length edges (removed); ; Geometry '' contained (0/0/1) unreferenced vertices/vertex normals/texture coordinates, they were removed.; 
	/my_city4/assets/scifi/scifi_building_24.obj:
		Warning: PRTX mesh cleanup: detected zero length vertex normal (0, 0, 0, length (0 must be > 1e-3), dropping vertex normals from mesh.; Geometry 'file:/Users/tom5137/Documents/CityEngine/Default%20Workspace/my_city4/assets/scifi/scifi_building_24.obj (mesh: building_24)' contained: 12 0-area faces (removed); ; Geometry 'file:/Users/tom5137/Documents/CityEngine/Default%20Workspace/my_city4/assets/scifi/scifi_building_24.obj' contained (0/0/12) unreferenced vertices/vertex normals/texture coordinates, they were removed.; 


Files created:
	'my_city_0.fbx':
		Initial shapes:
			0, 1, 2, 3, 4, 5, 6, 7, 8, 9, 10, 11, 12, 13, 14, 15, 16, 17, 18, 19, 20, 21, 22, 23, 24, 25, 26, 27, 28, 29, 30, 31, 32, 33, 34, 35, 36, 37, 38, 39, 
		GEOMETRY:
			Total Meshes: 8
			Total Polygons: 560
			  | Name                      | Instance Occurrences | Material                     | Polygons 
			==+===========================+======================+==============================+==========
			1  'building_52'                                   3  'lambert2SG_mat(3),'                  97 
			2  'building_8'                                    1  'lambert2SG_mat(1),'                   6 
			3  'building_32'                                   2  'lambert2SG_mat(2),'                  13 
			4  'building_43'                                   4  'lambert2SG_mat(4),'                 124 
			5  'building_24'                                   2  'lambert2SG_mat(2),'                 136 
			6  'building_28'                                   1  'lambert2SG_mat(1),'                  99 
			7  'mesh_CityEngineMaterial'                       1  'CityEngineMaterial_1_mat(1),'        62 
			8  'mesh_CityEngineMaterial_1'                     1  'CityEngineMaterial_mat(1),'          23 
		MATERIAL:
			Total Materials: 3
			  | Name                     | Texture_0             | Texture_1             
			==+==========================+=======================+=======================
			1  'lambert2SG_mat'           'scifi_texture_day.jpg' 'scifi_texture_day.jpg'
			2  'CityEngineMaterial_1_mat' 'ground_texture.png'    ''                     
			3  'CityEngineMaterial_mat'   'streets_texture.png'   ''                     